/bin/bash: ./jobscript.sh: Permission denied

------------------------------------------------------------
Sender: LSF System <lsfadmin@n-62-31-1>
Subject: Job 8464591: <NONAME> in cluster <dcc> Exited

Job <NONAME> was submitted from host <gbarlogin2> by user <s175407> in cluster <dcc> at Wed Dec  2 09:41:30 2020
Job was executed on host(s) <n-62-31-1>, in queue <hpc>, as user <s175407> in cluster <dcc> at Wed Dec  2 09:41:31 2020
</zhome/95/2/128698> was used as the home directory.
</zhome/95/2/128698/02456-deep-learning-corti> was used as the working directory.
Started at Wed Dec  2 09:41:31 2020
Terminated at Wed Dec  2 09:41:31 2020
Results reported at Wed Dec  2 09:41:31 2020

Your job looked like:

------------------------------------------------------------
# LSBATCH: User input
jobscript.sh
------------------------------------------------------------

Exited with exit code 126.

Resource usage summary:

    CPU time :                                   0.26 sec.
    Max Memory :                                 -
    Average Memory :                             -
    Total Requested Memory :                     1024.00 MB
    Delta Memory :                               -
    Max Swap :                                   -
    Max Processes :                              -
    Max Threads :                                -
    Run time :                                   79 sec.
    Turnaround time :                            1 sec.

The output (if any) is above this job summary.

